<?xml version="1.0" encoding="UTF-8"?>
<TestRun id="add6dd73-fb8c-4697-a69f-34e0f62212b3" name="tthaxton@USTN8NDGRZSH1 2013-04-19 14:10:16" runUser="ALTEGRITY\tthaxton" xmlns="http://microsoft.com/schemas/VisualStudio/TeamTest/2010">
  <TestSettings name="Local" id="76d703e1-4797-4b43-9d91-6884786e0197">
    <Description>These are default test settings for a local test run.</Description>
    <Deployment enabled="false" runDeploymentRoot="tthaxton_USTN8NDGRZSH1 2013-04-19 14_10_16">
      <DeploymentItem filename="C:\Dev\github\SportStore\SportStore\SportStore.Domain\bin\Debug\SportStore.Domain.dll" />
      <DeploymentItem filename="C:\Dev\github\SportStore\SportStore\packages\Moq.4.0.10827\lib\NET40\Moq.dll" />
      <DeploymentItem filename="C:\Dev\github\SportStore\SportStore\packages\Ninject.3.0.1.10\lib\net40\Ninject.dll" />
      <DeploymentItem filename="C:\Dev\github\SportStore\SportStore\packages\EntityFramework.5.0.0\lib\net40\EntityFramework.dll" />
      <DeploymentItem filename="C:\Dev\github\SportStore\SportStore\SportStore.WebUI\bin\SportStore.WebUI.dll" />
    </Deployment>
    <Execution>
      <TestTypeSpecific />
      <AgentRule name="Execution Agents">
      </AgentRule>
    </Execution>
  </TestSettings>
  <Times creation="2013-04-19T14:10:16.6397188-05:00" queuing="2013-04-19T14:10:16.7697097-05:00" start="2013-04-19T14:10:16.7797090-05:00" finish="2013-04-19T14:10:17.3316992-05:00" />
  <ResultSummary outcome="Failed">
    <Counters total="1" executed="1" error="0" failed="1" timeout="0" aborted="0" inconclusive="0" passedButRunAborted="0" notRunnable="0" notExecuted="0" disconnected="0" warning="0" passed="0" completed="0" inProgress="0" pending="0" />
  </ResultSummary>
  <TestDefinitions>
    <UnitTest name="Can_Filter_Products" storage="c:\dev\github\sportstore\sportstore\sportstore.unittest\bin\debug\sportstore.unittest.dll" id="5d1a86f3-6fdd-0eee-19b0-0d7d3f3def2b">
      <Execution id="94e43f84-95a8-4995-8c93-498348e57fbb" />
      <TestMethod codeBase="C:/Dev/github/SportStore/SportStore/SportStore.UnitTest/bin/Debug/SportStore.UnitTest.DLL" adapterTypeName="Microsoft.VisualStudio.TestTools.TestTypes.Unit.UnitTestAdapter, Microsoft.VisualStudio.QualityTools.Tips.UnitTest.Adapter, Version=10.0.0.0, Culture=neutral, PublicKeyToken=b03f5f7f11d50a3a" className="SportStore.UnitTest.ProductControllerTest, SportStore.UnitTest, Version=1.0.0.0, Culture=neutral, PublicKeyToken=null" name="Can_Filter_Products" />
    </UnitTest>
  </TestDefinitions>
  <TestLists>
    <TestList name="Results Not in a List" id="8c84fa94-04c1-424b-9868-57a2d4851a1d" />
    <TestList name="All Loaded Results" id="19431567-8539-422a-85d7-44ee4e166bda" />
  </TestLists>
  <TestEntries>
    <TestEntry testId="5d1a86f3-6fdd-0eee-19b0-0d7d3f3def2b" executionId="94e43f84-95a8-4995-8c93-498348e57fbb" testListId="8c84fa94-04c1-424b-9868-57a2d4851a1d" />
  </TestEntries>
  <Results>
    <UnitTestResult executionId="94e43f84-95a8-4995-8c93-498348e57fbb" testId="5d1a86f3-6fdd-0eee-19b0-0d7d3f3def2b" testName="Can_Filter_Products" computerName="USTN8NDGRZSH1" duration="00:00:00.2461985" startTime="2013-04-19T14:10:16.7917083-05:00" endTime="2013-04-19T14:10:17.3117006-05:00" testType="13cdc9d9-ddb5-4fa4-a97d-d965ccfc6d4b" outcome="Failed" testListId="8c84fa94-04c1-424b-9868-57a2d4851a1d" relativeResultsDirectory="94e43f84-95a8-4995-8c93-498348e57fbb">
      <Output>
        <ErrorInfo>
          <Message>Assert.AreEqual failed. Expected:&lt;1&gt;. Actual:&lt;2&gt;. </Message>
          <StackTrace>   at SportStore.UnitTest.ProductControllerTest.Can_Filter_Products() in C:\Dev\github\SportStore\SportStore\SportStore.UnitTest\ProductController.cs:line 135
</StackTrace>
        </ErrorInfo>
      </Output>
    </UnitTestResult>
  </Results>
</TestRun>