<?xml version="1.0" encoding="UTF-8"?>
<TestRun id="e7ed4381-3d58-474e-93a1-63dc56eb7144" name="tthaxton@USTN8NDGRZSH1 2013-04-19 14:10:04" runUser="ALTEGRITY\tthaxton" xmlns="http://microsoft.com/schemas/VisualStudio/TeamTest/2010">
  <TestSettings name="Local" id="76d703e1-4797-4b43-9d91-6884786e0197">
    <Description>These are default test settings for a local test run.</Description>
    <Deployment enabled="false" runDeploymentRoot="tthaxton_USTN8NDGRZSH1 2013-04-19 14_10_04">
      <DeploymentItem filename="C:\Dev\github\SportStore\SportStore\SportStore.Domain\bin\Debug\SportStore.Domain.dll" />
      <DeploymentItem filename="C:\Dev\github\SportStore\SportStore\packages\Moq.4.0.10827\lib\NET40\Moq.dll" />
      <DeploymentItem filename="C:\Dev\github\SportStore\SportStore\packages\Ninject.3.0.1.10\lib\net40\Ninject.dll" />
      <DeploymentItem filename="C:\Dev\github\SportStore\SportStore\packages\EntityFramework.5.0.0\lib\net40\EntityFramework.dll" />
      <DeploymentItem filename="C:\Dev\github\SportStore\SportStore\SportStore.WebUI\bin\SportStore.WebUI.dll" />
    </Deployment>
    <Execution>
      <TestTypeSpecific />
      <AgentRule name="Execution Agents">
      </AgentRule>
    </Execution>
  </TestSettings>
  <Times creation="2013-04-19T14:10:04.5155280-05:00" queuing="2013-04-19T14:10:04.8505161-05:00" start="2013-04-19T14:10:04.8805140-05:00" finish="2013-04-19T14:10:05.6264860-05:00" />
  <ResultSummary outcome="Failed">
    <Counters total="3" executed="3" passed="2" error="0" failed="1" timeout="0" aborted="0" inconclusive="0" passedButRunAborted="0" notRunnable="0" notExecuted="0" disconnected="0" warning="0" completed="0" inProgress="0" pending="0" />
  </ResultSummary>
  <TestDefinitions>
    <UnitTest name="Can_Send_Pagination_View_Model" storage="c:\dev\github\sportstore\sportstore\sportstore.unittest\bin\debug\sportstore.unittest.dll" id="afaa13b0-52db-58ec-13c6-cdf07ece5015">
      <Execution id="32c18486-33cd-4e64-b6c6-932596960ccb" />
      <TestMethod codeBase="C:/Dev/github/SportStore/SportStore/SportStore.UnitTest/bin/Debug/SportStore.UnitTest.DLL" adapterTypeName="Microsoft.VisualStudio.TestTools.TestTypes.Unit.UnitTestAdapter, Microsoft.VisualStudio.QualityTools.Tips.UnitTest.Adapter, Version=10.0.0.0, Culture=neutral, PublicKeyToken=b03f5f7f11d50a3a" className="SportStore.UnitTest.ProductControllerTest, SportStore.UnitTest, Version=1.0.0.0, Culture=neutral, PublicKeyToken=null" name="Can_Send_Pagination_View_Model" />
    </UnitTest>
    <UnitTest name="Can_Filter_Products" storage="c:\dev\github\sportstore\sportstore\sportstore.unittest\bin\debug\sportstore.unittest.dll" id="5d1a86f3-6fdd-0eee-19b0-0d7d3f3def2b">
      <Execution id="1d34fbb5-8348-4a7d-b60b-941a3227611c" />
      <TestMethod codeBase="C:/Dev/github/SportStore/SportStore/SportStore.UnitTest/bin/Debug/SportStore.UnitTest.DLL" adapterTypeName="Microsoft.VisualStudio.TestTools.TestTypes.Unit.UnitTestAdapter, Microsoft.VisualStudio.QualityTools.Tips.UnitTest.Adapter, Version=10.0.0.0, Culture=neutral, PublicKeyToken=b03f5f7f11d50a3a" className="SportStore.UnitTest.ProductControllerTest, SportStore.UnitTest, Version=1.0.0.0, Culture=neutral, PublicKeyToken=null" name="Can_Filter_Products" />
    </UnitTest>
    <UnitTest name="Can_Paginate" storage="c:\dev\github\sportstore\sportstore\sportstore.unittest\bin\debug\sportstore.unittest.dll" id="0cbb6d0a-f63c-028f-4097-9cf17748254d">
      <Execution id="b6785e0b-de7b-4f79-ab7b-ac68d84c332b" />
      <TestMethod codeBase="C:/Dev/github/SportStore/SportStore/SportStore.UnitTest/bin/Debug/SportStore.UnitTest.DLL" adapterTypeName="Microsoft.VisualStudio.TestTools.TestTypes.Unit.UnitTestAdapter, Microsoft.VisualStudio.QualityTools.Tips.UnitTest.Adapter, Version=10.0.0.0, Culture=neutral, PublicKeyToken=b03f5f7f11d50a3a" className="SportStore.UnitTest.ProductControllerTest, SportStore.UnitTest, Version=1.0.0.0, Culture=neutral, PublicKeyToken=null" name="Can_Paginate" />
    </UnitTest>
  </TestDefinitions>
  <TestLists>
    <TestList name="Results Not in a List" id="8c84fa94-04c1-424b-9868-57a2d4851a1d" />
    <TestList name="All Loaded Results" id="19431567-8539-422a-85d7-44ee4e166bda" />
  </TestLists>
  <TestEntries>
    <TestEntry testId="0cbb6d0a-f63c-028f-4097-9cf17748254d" executionId="b6785e0b-de7b-4f79-ab7b-ac68d84c332b" testListId="8c84fa94-04c1-424b-9868-57a2d4851a1d" />
    <TestEntry testId="5d1a86f3-6fdd-0eee-19b0-0d7d3f3def2b" executionId="1d34fbb5-8348-4a7d-b60b-941a3227611c" testListId="8c84fa94-04c1-424b-9868-57a2d4851a1d" />
    <TestEntry testId="afaa13b0-52db-58ec-13c6-cdf07ece5015" executionId="32c18486-33cd-4e64-b6c6-932596960ccb" testListId="8c84fa94-04c1-424b-9868-57a2d4851a1d" />
  </TestEntries>
  <Results>
    <UnitTestResult executionId="b6785e0b-de7b-4f79-ab7b-ac68d84c332b" testId="0cbb6d0a-f63c-028f-4097-9cf17748254d" testName="Can_Paginate" computerName="USTN8NDGRZSH1" duration="00:00:00.2307853" startTime="2013-04-19T14:10:04.9425112-05:00" endTime="2013-04-19T14:10:05.5044909-05:00" testType="13cdc9d9-ddb5-4fa4-a97d-d965ccfc6d4b" outcome="Passed" testListId="8c84fa94-04c1-424b-9868-57a2d4851a1d" relativeResultsDirectory="b6785e0b-de7b-4f79-ab7b-ac68d84c332b">
    </UnitTestResult>
    <UnitTestResult executionId="1d34fbb5-8348-4a7d-b60b-941a3227611c" testId="5d1a86f3-6fdd-0eee-19b0-0d7d3f3def2b" testName="Can_Filter_Products" computerName="USTN8NDGRZSH1" duration="00:00:00.0900847" startTime="2013-04-19T14:10:05.5044909-05:00" endTime="2013-04-19T14:10:05.5964860-05:00" testType="13cdc9d9-ddb5-4fa4-a97d-d965ccfc6d4b" outcome="Failed" testListId="8c84fa94-04c1-424b-9868-57a2d4851a1d" relativeResultsDirectory="1d34fbb5-8348-4a7d-b60b-941a3227611c">
      <Output>
        <ErrorInfo>
          <Message>Assert.AreEqual failed. Expected:&lt;1&gt;. Actual:&lt;2&gt;. </Message>
          <StackTrace>   at SportStore.UnitTest.ProductControllerTest.Can_Filter_Products() in C:\Dev\github\SportStore\SportStore\SportStore.UnitTest\ProductController.cs:line 135
</StackTrace>
        </ErrorInfo>
      </Output>
    </UnitTestResult>
    <UnitTestResult executionId="32c18486-33cd-4e64-b6c6-932596960ccb" testId="afaa13b0-52db-58ec-13c6-cdf07ece5015" testName="Can_Send_Pagination_View_Model" computerName="USTN8NDGRZSH1" duration="00:00:00.0021931" startTime="2013-04-19T14:10:05.5974860-05:00" endTime="2013-04-19T14:10:05.6014860-05:00" testType="13cdc9d9-ddb5-4fa4-a97d-d965ccfc6d4b" outcome="Passed" testListId="8c84fa94-04c1-424b-9868-57a2d4851a1d" relativeResultsDirectory="32c18486-33cd-4e64-b6c6-932596960ccb">
    </UnitTestResult>
  </Results>
</TestRun>