<?xml version="1.0" encoding="UTF-8"?>
<TestRun id="e4d65c08-5fec-40e2-a331-ca8189181473" name="tthaxton@USTN8NDGRZSH1 2013-04-19 14:08:04" runUser="ALTEGRITY\tthaxton" xmlns="http://microsoft.com/schemas/VisualStudio/TeamTest/2010">
  <TestSettings name="Local" id="76d703e1-4797-4b43-9d91-6884786e0197">
    <Description>These are default test settings for a local test run.</Description>
    <Deployment enabled="false" runDeploymentRoot="tthaxton_USTN8NDGRZSH1 2013-04-19 14_08_04">
      <DeploymentItem filename="C:\Dev\github\SportStore\SportStore\SportStore.Domain\bin\Debug\SportStore.Domain.dll" />
      <DeploymentItem filename="C:\Dev\github\SportStore\SportStore\packages\Moq.4.0.10827\lib\NET40\Moq.dll" />
      <DeploymentItem filename="C:\Dev\github\SportStore\SportStore\packages\Ninject.3.0.1.10\lib\net40\Ninject.dll" />
      <DeploymentItem filename="C:\Dev\github\SportStore\SportStore\packages\EntityFramework.5.0.0\lib\net40\EntityFramework.dll" />
      <DeploymentItem filename="C:\Dev\github\SportStore\SportStore\SportStore.WebUI\bin\SportStore.WebUI.dll" />
    </Deployment>
    <Execution>
      <TestTypeSpecific />
      <AgentRule name="Execution Agents">
      </AgentRule>
    </Execution>
  </TestSettings>
  <Times creation="2013-04-19T14:08:04.5666410-05:00" queuing="2013-04-19T14:08:06.6745017-05:00" start="2013-04-19T14:08:06.9864877-05:00" finish="2013-04-19T14:08:08.4523904-05:00" />
  <ResultSummary outcome="Completed">
    <Counters total="1" executed="1" passed="1" error="0" failed="0" timeout="0" aborted="0" inconclusive="0" passedButRunAborted="0" notRunnable="0" notExecuted="0" disconnected="0" warning="0" completed="0" inProgress="0" pending="0" />
  </ResultSummary>
  <TestDefinitions>
    <UnitTest name="Can_Paginate" storage="c:\dev\github\sportstore\sportstore\sportstore.unittest\bin\debug\sportstore.unittest.dll" id="0cbb6d0a-f63c-028f-4097-9cf17748254d">
      <Execution id="7834dc32-64fe-4337-be58-be906cd85350" />
      <TestMethod codeBase="C:/Dev/github/SportStore/SportStore/SportStore.UnitTest/bin/Debug/SportStore.UnitTest.DLL" adapterTypeName="Microsoft.VisualStudio.TestTools.TestTypes.Unit.UnitTestAdapter, Microsoft.VisualStudio.QualityTools.Tips.UnitTest.Adapter, Version=10.0.0.0, Culture=neutral, PublicKeyToken=b03f5f7f11d50a3a" className="SportStore.UnitTest.ProductControllerTest, SportStore.UnitTest, Version=1.0.0.0, Culture=neutral, PublicKeyToken=null" name="Can_Paginate" />
    </UnitTest>
  </TestDefinitions>
  <TestLists>
    <TestList name="Results Not in a List" id="8c84fa94-04c1-424b-9868-57a2d4851a1d" />
    <TestList name="All Loaded Results" id="19431567-8539-422a-85d7-44ee4e166bda" />
  </TestLists>
  <TestEntries>
    <TestEntry testId="0cbb6d0a-f63c-028f-4097-9cf17748254d" executionId="7834dc32-64fe-4337-be58-be906cd85350" testListId="8c84fa94-04c1-424b-9868-57a2d4851a1d" />
  </TestEntries>
  <Results>
    <UnitTestResult executionId="7834dc32-64fe-4337-be58-be906cd85350" testId="0cbb6d0a-f63c-028f-4097-9cf17748254d" testName="Can_Paginate" computerName="USTN8NDGRZSH1" duration="00:00:00.5010542" startTime="2013-04-19T14:08:07.2204751-05:00" endTime="2013-04-19T14:08:08.4023939-05:00" testType="13cdc9d9-ddb5-4fa4-a97d-d965ccfc6d4b" outcome="Passed" testListId="8c84fa94-04c1-424b-9868-57a2d4851a1d" relativeResultsDirectory="7834dc32-64fe-4337-be58-be906cd85350">
    </UnitTestResult>
  </Results>
</TestRun>