<?xml version="1.0" encoding="UTF-8"?>
<TestRun id="9137ef12-b2bc-458f-b553-710bb2ef14ef" name="tthaxton@USTN8NDGRZSH1 2013-04-19 14:10:52" runUser="ALTEGRITY\tthaxton" xmlns="http://microsoft.com/schemas/VisualStudio/TeamTest/2010">
  <TestSettings name="Local" id="76d703e1-4797-4b43-9d91-6884786e0197">
    <Description>These are default test settings for a local test run.</Description>
    <Deployment enabled="false" runDeploymentRoot="tthaxton_USTN8NDGRZSH1 2013-04-19 14_10_52">
      <DeploymentItem filename="C:\Dev\github\SportStore\SportStore\SportStore.Domain\bin\Debug\SportStore.Domain.dll" />
      <DeploymentItem filename="C:\Dev\github\SportStore\SportStore\packages\Moq.4.0.10827\lib\NET40\Moq.dll" />
      <DeploymentItem filename="C:\Dev\github\SportStore\SportStore\packages\Ninject.3.0.1.10\lib\net40\Ninject.dll" />
      <DeploymentItem filename="C:\Dev\github\SportStore\SportStore\packages\EntityFramework.5.0.0\lib\net40\EntityFramework.dll" />
      <DeploymentItem filename="C:\Dev\github\SportStore\SportStore\SportStore.WebUI\bin\SportStore.WebUI.dll" />
    </Deployment>
    <Execution>
      <TestTypeSpecific />
      <AgentRule name="Execution Agents">
      </AgentRule>
    </Execution>
  </TestSettings>
  <Times creation="2013-04-19T14:10:52.7523528-05:00" queuing="2013-04-19T14:10:52.8123486-05:00" start="2013-04-19T14:10:52.8323472-05:00" finish="2013-04-19T14:10:53.4743325-05:00" />
  <ResultSummary outcome="Failed">
    <Counters total="4" executed="4" passed="2" error="0" failed="2" timeout="0" aborted="0" inconclusive="0" passedButRunAborted="0" notRunnable="0" notExecuted="0" disconnected="0" warning="0" completed="0" inProgress="0" pending="0" />
  </ResultSummary>
  <TestDefinitions>
    <UnitTest name="Can_Send_Pagination_View_Model" storage="c:\dev\github\sportstore\sportstore\sportstore.unittest\bin\debug\sportstore.unittest.dll" id="afaa13b0-52db-58ec-13c6-cdf07ece5015">
      <Execution id="5cb132af-c8e7-4b7a-b5c8-0127b9dc0561" />
      <TestMethod codeBase="C:/Dev/github/SportStore/SportStore/SportStore.UnitTest/bin/Debug/SportStore.UnitTest.DLL" adapterTypeName="Microsoft.VisualStudio.TestTools.TestTypes.Unit.UnitTestAdapter, Microsoft.VisualStudio.QualityTools.Tips.UnitTest.Adapter, Version=10.0.0.0, Culture=neutral, PublicKeyToken=b03f5f7f11d50a3a" className="SportStore.UnitTest.ProductControllerTest, SportStore.UnitTest, Version=1.0.0.0, Culture=neutral, PublicKeyToken=null" name="Can_Send_Pagination_View_Model" />
    </UnitTest>
    <UnitTest name="Can_Filter_Products" storage="c:\dev\github\sportstore\sportstore\sportstore.unittest\bin\debug\sportstore.unittest.dll" id="5d1a86f3-6fdd-0eee-19b0-0d7d3f3def2b">
      <Execution id="bace06c9-67da-4ba2-9174-755ae2794b2d" />
      <TestMethod codeBase="C:/Dev/github/SportStore/SportStore/SportStore.UnitTest/bin/Debug/SportStore.UnitTest.DLL" adapterTypeName="Microsoft.VisualStudio.TestTools.TestTypes.Unit.UnitTestAdapter, Microsoft.VisualStudio.QualityTools.Tips.UnitTest.Adapter, Version=10.0.0.0, Culture=neutral, PublicKeyToken=b03f5f7f11d50a3a" className="SportStore.UnitTest.ProductControllerTest, SportStore.UnitTest, Version=1.0.0.0, Culture=neutral, PublicKeyToken=null" name="Can_Filter_Products" />
    </UnitTest>
    <UnitTest name="Can_Paginate" storage="c:\dev\github\sportstore\sportstore\sportstore.unittest\bin\debug\sportstore.unittest.dll" id="0cbb6d0a-f63c-028f-4097-9cf17748254d">
      <Execution id="b6c4fb28-faee-42be-a54c-94c63c786e52" />
      <TestMethod codeBase="C:/Dev/github/SportStore/SportStore/SportStore.UnitTest/bin/Debug/SportStore.UnitTest.DLL" adapterTypeName="Microsoft.VisualStudio.TestTools.TestTypes.Unit.UnitTestAdapter, Microsoft.VisualStudio.QualityTools.Tips.UnitTest.Adapter, Version=10.0.0.0, Culture=neutral, PublicKeyToken=b03f5f7f11d50a3a" className="SportStore.UnitTest.ProductControllerTest, SportStore.UnitTest, Version=1.0.0.0, Culture=neutral, PublicKeyToken=null" name="Can_Paginate" />
    </UnitTest>
    <UnitTest name="Can_Generate_Page_Links" storage="c:\dev\github\sportstore\sportstore\sportstore.unittest\bin\debug\sportstore.unittest.dll" id="05e5c29d-6ef2-c521-deca-afc6e402b99d">
      <Execution id="10fa56c0-3aa3-4958-acc6-4070211c400a" />
      <TestMethod codeBase="C:/Dev/github/SportStore/SportStore/SportStore.UnitTest/bin/Debug/SportStore.UnitTest.DLL" adapterTypeName="Microsoft.VisualStudio.TestTools.TestTypes.Unit.UnitTestAdapter, Microsoft.VisualStudio.QualityTools.Tips.UnitTest.Adapter, Version=10.0.0.0, Culture=neutral, PublicKeyToken=b03f5f7f11d50a3a" className="SportStore.UnitTest.ProductControllerTest, SportStore.UnitTest, Version=1.0.0.0, Culture=neutral, PublicKeyToken=null" name="Can_Generate_Page_Links" />
    </UnitTest>
  </TestDefinitions>
  <TestLists>
    <TestList name="Results Not in a List" id="8c84fa94-04c1-424b-9868-57a2d4851a1d" />
    <TestList name="All Loaded Results" id="19431567-8539-422a-85d7-44ee4e166bda" />
  </TestLists>
  <TestEntries>
    <TestEntry testId="05e5c29d-6ef2-c521-deca-afc6e402b99d" executionId="10fa56c0-3aa3-4958-acc6-4070211c400a" testListId="8c84fa94-04c1-424b-9868-57a2d4851a1d" />
    <TestEntry testId="0cbb6d0a-f63c-028f-4097-9cf17748254d" executionId="b6c4fb28-faee-42be-a54c-94c63c786e52" testListId="8c84fa94-04c1-424b-9868-57a2d4851a1d" />
    <TestEntry testId="5d1a86f3-6fdd-0eee-19b0-0d7d3f3def2b" executionId="bace06c9-67da-4ba2-9174-755ae2794b2d" testListId="8c84fa94-04c1-424b-9868-57a2d4851a1d" />
    <TestEntry testId="afaa13b0-52db-58ec-13c6-cdf07ece5015" executionId="5cb132af-c8e7-4b7a-b5c8-0127b9dc0561" testListId="8c84fa94-04c1-424b-9868-57a2d4851a1d" />
  </TestEntries>
  <Results>
    <UnitTestResult executionId="10fa56c0-3aa3-4958-acc6-4070211c400a" testId="05e5c29d-6ef2-c521-deca-afc6e402b99d" testName="Can_Generate_Page_Links" computerName="USTN8NDGRZSH1" duration="00:00:00.0729204" startTime="2013-04-19T14:10:52.8853465-05:00" endTime="2013-04-19T14:10:53.2083465-05:00" testType="13cdc9d9-ddb5-4fa4-a97d-d965ccfc6d4b" outcome="Failed" testListId="8c84fa94-04c1-424b-9868-57a2d4851a1d" relativeResultsDirectory="10fa56c0-3aa3-4958-acc6-4070211c400a">
      <Output>
        <ErrorInfo>
          <Message>Assert.AreEqual failed. Expected:&lt;&lt;a href="Page1"&gt;1&lt;/a&gt;&lt;a class="selected" href="Page2"&gt;2&lt;/a&gt;&lt;a href="Page3"&gt;3&lt;/a&gt;&gt;. Actual:&lt;&lt;a href="Page1"&gt;1&lt;/a&gt;&lt;a class="selected"href="Page2"&gt;2&lt;/a&gt;&lt;a href="Page3"&gt;3&lt;/a&gt;&gt;. </Message>
          <StackTrace>   at SportStore.UnitTest.ProductControllerTest.Can_Generate_Page_Links() in C:\Dev\github\SportStore\SportStore\SportStore.UnitTest\ProductController.cs:line 86
</StackTrace>
        </ErrorInfo>
      </Output>
    </UnitTestResult>
    <UnitTestResult executionId="b6c4fb28-faee-42be-a54c-94c63c786e52" testId="0cbb6d0a-f63c-028f-4097-9cf17748254d" testName="Can_Paginate" computerName="USTN8NDGRZSH1" duration="00:00:00.1882535" startTime="2013-04-19T14:10:53.2203465-05:00" endTime="2013-04-19T14:10:53.4243360-05:00" testType="13cdc9d9-ddb5-4fa4-a97d-d965ccfc6d4b" outcome="Passed" testListId="8c84fa94-04c1-424b-9868-57a2d4851a1d" relativeResultsDirectory="b6c4fb28-faee-42be-a54c-94c63c786e52">
    </UnitTestResult>
    <UnitTestResult executionId="bace06c9-67da-4ba2-9174-755ae2794b2d" testId="5d1a86f3-6fdd-0eee-19b0-0d7d3f3def2b" testName="Can_Filter_Products" computerName="USTN8NDGRZSH1" duration="00:00:00.0049787" startTime="2013-04-19T14:10:53.4243360-05:00" endTime="2013-04-19T14:10:53.4343353-05:00" testType="13cdc9d9-ddb5-4fa4-a97d-d965ccfc6d4b" outcome="Failed" testListId="8c84fa94-04c1-424b-9868-57a2d4851a1d" relativeResultsDirectory="bace06c9-67da-4ba2-9174-755ae2794b2d">
      <Output>
        <ErrorInfo>
          <Message>Assert.AreEqual failed. Expected:&lt;1&gt;. Actual:&lt;2&gt;. </Message>
          <StackTrace>   at SportStore.UnitTest.ProductControllerTest.Can_Filter_Products() in C:\Dev\github\SportStore\SportStore\SportStore.UnitTest\ProductController.cs:line 156
</StackTrace>
        </ErrorInfo>
      </Output>
    </UnitTestResult>
    <UnitTestResult executionId="5cb132af-c8e7-4b7a-b5c8-0127b9dc0561" testId="afaa13b0-52db-58ec-13c6-cdf07ece5015" testName="Can_Send_Pagination_View_Model" computerName="USTN8NDGRZSH1" duration="00:00:00.0052390" startTime="2013-04-19T14:10:53.4343353-05:00" endTime="2013-04-19T14:10:53.4443346-05:00" testType="13cdc9d9-ddb5-4fa4-a97d-d965ccfc6d4b" outcome="Passed" testListId="8c84fa94-04c1-424b-9868-57a2d4851a1d" relativeResultsDirectory="5cb132af-c8e7-4b7a-b5c8-0127b9dc0561">
    </UnitTestResult>
  </Results>
</TestRun>